Monitoring log file (/opt/prod/p2pool/run/p2pool-kermit.log)...
Exiting
Monitoring log file (/opt/prod/p2pool/run/p2pool-kermit.log)...
---------- XMR Payment ----------
   ________       ______    ____      ____   _______    ____   ____   __________   
  |    __  \\    /      \\ |   \\    /   ||/       \\  |   |\ |   \\/          \\ 
  |   || \  \\  /   /\   \\\    \\  /   ///   //\   \\ |   || |   ||\___    ___// 
  |   ||_/   |||   ||_|   ||\    \\/   //|   //  \   |||   || |   ||    |   ||      
  |         // |          || \        // |   ||  |   |||   || |   ||    |   ||      
  |   _____|/  |   ____   ||  \_     //  |   \\  /   |||   || |   ||    |   ||      
  |   ||       |   || |   ||   /    //    \   \\/   // |   ||_|   ||    |   ||      
  |___|/       |___|| | __|/  |____//      \_______//   \_________//    |___|/      

  Timestamp        : 2024-11-14 11:21:00
  Local Time       : 2024-11-16 17:39
  Payout           : 0.000276040092 XMR
  Payouts CSV      : /opt/prod/xmr/data/p2pool_payouts.csv
---------- XMR Payment ----------
   ________       ______    ____      ____   _______    ____   ____   __________   
  |    __  \\    /      \\ |   \\    /   ||/       \\  |   |\ |   \\/          \\ 
  |   || \  \\  /   /\   \\\    \\  /   ///   //\   \\ |   || |   ||\___    ___// 
  |   ||_/   |||   ||_|   ||\    \\/   //|   //  \   |||   || |   ||    |   ||      
  |         // |          || \        // |   ||  |   |||   || |   ||    |   ||      
  |   _____|/  |   ____   ||  \_     //  |   \\  /   |||   || |   ||    |   ||      
  |   ||       |   || |   ||   /    //    \   \\/   // |   ||_|   ||    |   ||      
  |___|/       |___|| | __|/  |____//      \_______//   \_________//    |___|/      

  Timestamp        : 2024-11-14 14:06:00
  Local Time       : 2024-11-16 17:39
  Payout           : 0.000282556465 XMR
  Payouts CSV      : /opt/prod/xmr/data/p2pool_payouts.csv
---------- XMR Payment ----------
   ________       ______    ____      ____   _______    ____   ____   __________   
  |    __  \\    /      \\ |   \\    /   ||/       \\  |   |\ |   \\/          \\ 
  |   || \  \\  /   /\   \\\    \\  /   ///   //\   \\ |   || |   ||\___    ___// 
  |   ||_/   |||   ||_|   ||\    \\/   //|   //  \   |||   || |   ||    |   ||      
  |         // |          || \        // |   ||  |   |||   || |   ||    |   ||      
  |   _____|/  |   ____   ||  \_     //  |   \\  /   |||   || |   ||    |   ||      
  |   ||       |   || |   ||   /    //    \   \\/   // |   ||_|   ||    |   ||      
  |___|/       |___|| | __|/  |____//      \_______//   \_________//    |___|/      

  Timestamp        : 2024-11-14 11:21:00
  Local Time       : 2024-11-16 17:39
  Payout           : 0.000276040092 XMR
  Payouts CSV      : /opt/prod/xmr/data/p2pool_payouts.csv
---------- XMR Payment ----------
   ________       ______    ____      ____   _______    ____   ____   __________   
  |    __  \\    /      \\ |   \\    /   ||/       \\  |   |\ |   \\/          \\ 
  |   || \  \\  /   /\   \\\    \\  /   ///   //\   \\ |   || |   ||\___    ___// 
  |   ||_/   |||   ||_|   ||\    \\/   //|   //  \   |||   || |   ||    |   ||      
  |         // |          || \        // |   ||  |   |||   || |   ||    |   ||      
  |   _____|/  |   ____   ||  \_     //  |   \\  /   |||   || |   ||    |   ||      
  |   ||       |   || |   ||   /    //    \   \\/   // |   ||_|   ||    |   ||      
  |___|/       |___|| | __|/  |____//      \_______//   \_________//    |___|/      

  Timestamp        : 2024-11-14 14:06:00
  Local Time       : 2024-11-16 17:39
  Payout           : 0.000282556465 XMR
  Payouts CSV      : /opt/prod/xmr/data/p2pool_payouts.csv
---------- XMR Payment ----------
   ________       ______    ____      ____   _______    ____   ____   __________   
  |    __  \\    /      \\ |   \\    /   ||/       \\  |   |\ |   \\/          \\ 
  |   || \  \\  /   /\   \\\    \\  /   ///   //\   \\ |   || |   ||\___    ___// 
  |   ||_/   |||   ||_|   ||\    \\/   //|   //  \   |||   || |   ||    |   ||      
  |         // |          || \        // |   ||  |   |||   || |   ||    |   ||      
  |   _____|/  |   ____   ||  \_     //  |   \\  /   |||   || |   ||    |   ||      
  |   ||       |   || |   ||   /    //    \   \\/   // |   ||_|   ||    |   ||      
  |___|/       |___|| | __|/  |____//      \_______//   \_________//    |___|/      

  Timestamp        : 2024-11-15 20:27:00
  Local Time       : 2024-11-16 17:39
  Payout           : 0.001195152001 XMR
  Payouts CSV      : /opt/prod/xmr/data/p2pool_payouts.csv
---------- XMR Payment ----------
   ________       ______    ____      ____   _______    ____   ____   __________   
  |    __  \\    /      \\ |   \\    /   ||/       \\  |   |\ |   \\/          \\ 
  |   || \  \\  /   /\   \\\    \\  /   ///   //\   \\ |   || |   ||\___    ___// 
  |   ||_/   |||   ||_|   ||\    \\/   //|   //  \   |||   || |   ||    |   ||      
  |         // |          || \        // |   ||  |   |||   || |   ||    |   ||      
  |   _____|/  |   ____   ||  \_     //  |   \\  /   |||   || |   ||    |   ||      
  |   ||       |   || |   ||   /    //    \   \\/   // |   ||_|   ||    |   ||      
  |___|/       |___|| | __|/  |____//      \_______//   \_________//    |___|/      

  Timestamp        : 2024-11-15 20:49:00
  Local Time       : 2024-11-16 17:39
  Payout           : 0.001093515243 XMR
  Payouts CSV      : /opt/prod/xmr/data/p2pool_payouts.csv
---------- XMR Payment ----------
   ________       ______    ____      ____   _______    ____   ____   __________   
  |    __  \\    /      \\ |   \\    /   ||/       \\  |   |\ |   \\/          \\ 
  |   || \  \\  /   /\   \\\    \\  /   ///   //\   \\ |   || |   ||\___    ___// 
  |   ||_/   |||   ||_|   ||\    \\/   //|   //  \   |||   || |   ||    |   ||      
  |         // |          || \        // |   ||  |   |||   || |   ||    |   ||      
  |   _____|/  |   ____   ||  \_     //  |   \\  /   |||   || |   ||    |   ||      
  |   ||       |   || |   ||   /    //    \   \\/   // |   ||_|   ||    |   ||      
  |___|/       |___|| | __|/  |____//      \_______//   \_________//    |___|/      

  Timestamp        : 2024-11-16 19:50:00
  Local Time       : 2024-11-16 17:39
  Payout           : 0.000269383971 XMR
  Payouts CSV      : /opt/prod/xmr/data/p2pool_payouts.csv
