2024-11-11 00:31:17.4828 P2Pool Your wallet 48wY7nYBsQNSw7v4LjoNnvCtk1Y6GLNVmePGrW82gVhYhQtWJFHi6U6G3X5d7JN2ucajU9SeBcijET8ZzKWYwC3z3Y6fDEG got a payout of 0.000277426449 XMR in block 3278684
2024-11-11 00:31:17.4828 P2Pool Your wallet 48wY7nYBsQNSw7v4LjoNnvCtk1Y6GLNVmePGrW82gVhYhQtWJFHi6U6G3X5d7JN2ucajU9SeBcijET8ZzKWYwC3z3Y6fDEG got a payout of 0.000277426449 XMR in block 3278684
[0;36m2024-09-29 23:07:13.5563[0m [0;90mP2Pool [0m[0;92mBLOCK FOUND: main chain block at height 3248416 was mined by someone else in this p2pool
[0;36m2024-11-11 00:31:17.4820[0m [0;90mP2Pool [0m[0;92mBLOCK FOUND: main chain block at height 3278684 was mined by someone else in this p2pool
[0;36m2024-11-10 22:47:56.7104[0m [0;90mStratumServer [0m[0;32mSHARE FOUND: mainchain height 3278626, sidechain height 9151558, diff 121915365, client 192.168.0.192:41698, user brat, effort 212.795%[0m
2024-11-11 00:31:17.4828 P2Pool Your wallet 48wY7nYBsQNSw7v4LjoNnvCtk1Y6GLNVmePGrW82gVhYhQtWJFHi6U6G3X5d7JN2ucajU9SeBcijET8ZzKWYwC3z3Y6fDEG got a payout of 0.000277426449 XMR in block 3278684
2024-11-11 00:31:17.4828 P2Pool Your wallet 48wY7nYBsQNSw7v4LjoNnvCtk1Y6GLNVmePGrW82gVhYhQtWJFHi6U6G3X5d7JN2ucajU9SeBcijET8ZzKWYwC3z3Y6fDEG got a payout of 0.000277426449 XMR in block 3278684
[0;36m2024-11-10 22:47:56.7104[0m [0;90mStratumServer [0m[0;32mSHARE FOUND: mainchain height 3278626, sidechain height 9151558, diff 121915365, client 192.168.0.192:41698, user brat, effort 212.795%[0m
[0;36m2024-11-10 22:47:56.7104[0m [0;90mStratumServer [0m[0;32mSHARE FOUND: mainchain height 3278626, sidechain height 9151558, diff 121915365, client 192.168.0.192:41698, user brat, effort 212.795%[0m
[0;36m2024-11-10 22:47:56.7104[0m [0;90mStratumServer [0m[0;32mSHARE FOUND: mainchain height 3278626, sidechain height 9151558, diff 121915365, client 192.168.0.192:41698, user brat, effort 212.795%[0m
[0;36m2024-11-10 22:47:56.7104[0m [0;90mStratumServer [0m[0;32mSHARE FOUND: mainchain height 3278626, sidechain height 9151558, diff 121915365, client 192.168.0.192:41698, user brat, effort 212.795%[0m
[0;36m2024-11-10 22:47:56.7104[0m [0;90mStratumServer [0m[0;32mSHARE FOUND: mainchain height 3278626, sidechain height 9151558, diff 121915365, client 192.168.0.192:41698, user brat, effort 212.795%[0m
[0;36m2024-11-10 22:47:56.7104[0m [0;90mStratumServer [0m[0;32mSHARE FOUND: mainchain height 3278626, sidechain height 9151558, diff 121915365, client 192.168.0.192:41698, user brat, effort 212.795%[0m
[0;36m2024-11-10 22:47:56.7104[0m [0;90mStratumServer [0m[0;32mSHARE FOUND: mainchain height 3278626, sidechain height 9151558, diff 121915365, client 192.168.0.192:41698, user brat, effort 212.795%[0m
2024-11-10 22:47:56.7104 StratumServer SHARE FOUND: mainchain height 3278626, sidechain height 9151558, diff 121915365, client 192.168.0.192:41698, user brat, effort 212.795%
2024-11-11 00:31:17.4820 P2Pool BLOCK FOUND: main chain block at height 3278684 was mined by someone else in this p2pool
2024-11-11 00:31:17.4820 P2Pool BLOCK FOUND: main chain block at height 3278684 was mined by someone else in this p2pool
2024-11-10 22:47:56.7104 StratumServer SHARE FOUND: mainchain height 3278626, sidechain height 9151558, diff 121915365, client 192.168.0.192:41698, user brat, effort 212.795%
2024-11-11 00:31:17.4828 P2Pool Your wallet 48wY7nYBsQNSw7v4LjoNnvCtk1Y6GLNVmePGrW82gVhYhQtWJFHi6U6G3X5d7JN2ucajU9SeBcijET8ZzKWYwC3z3Y6fDEG got a payout of 0.000277426449 XMR in block 3278684
2024-11-11 00:31:17.4828 P2Pool Your wallet 48wY7nYBsQNSw7v4LjoNnvCtk1Y6GLNVmePGrW82gVhYhQtWJFHi6U6G3X5d7JN2ucajU9SeBcijET8ZzKWYwC3z3Y6fDEG got a payout of 0.000277426449 XMR in block 3278684
2024-11-11 00:31:17.4820 P2Pool BLOCK FOUND: main chain block at height 3278684 was mined by someone else in this p2pool
2024-11-10 22:47:56.7104 StratumServer SHARE FOUND: mainchain height 3278626, sidechain height 9151558, diff 121915365, client 192.168.0.192:41698, user brat, effort 212.795%
2024-11-11 00:31:17.4828 P2Pool Your wallet 48wY7nYBsQNSw7v4LjoNnvCtk1Y6GLNVmePGrW82gVhYhQtWJFHi6U6G3X5d7JN2ucajU9SeBcijET8ZzKWYwC3z3Y6fDEG got a payout of 0.000277426449 XMR in block 3278684
2024-11-11 00:31:17.4820 P2Pool BLOCK FOUND: main chain block at height 3278684 was mined by someone else in this p2pool
2024-11-11 00:31:17.4828 P2Pool Your wallet 48wY7nYBsQNSw7v4LjoNnvCtk1Y6GLNVmePGrW82gVhYhQtWJFHi6U6G3X5d7JN2ucajU9SeBcijET8ZzKWYwC3z3Y6fDEG got a payout of 0.000277426449 XMR in block 3278684
2024-11-10 22:47:56.7104 StratumServer SHARE FOUND: mainchain height 3278626, sidechain height 9151558, diff 121915365, client 192.168.0.192:41698, user brat, effort 212.795%
Side chain hashrate       = 12.588 MH/s
Side chain hashrate       = 12.588 MH/s
Side chain hashrate       = 12.588 MH/s
Side chain hashrate       = 12.711 MH/s
2024-11-11 00:31:17.4820 P2Pool BLOCK FOUND: main chain block at height 3278684 was mined by someone else in this p2pool
2024-11-11 00:31:17.4828 P2Pool Your wallet 48wY7nYBsQNSw7v4LjoNnvCtk1Y6GLNVmePGrW82gVhYhQtWJFHi6U6G3X5d7JN2ucajU9SeBcijET8ZzKWYwC3z3Y6fDEG got a payout of 0.000277426449 XMR in block 3278684
2024-11-11 00:31:17.4820 P2Pool BLOCK FOUND: main chain block at height 3278684 was mined by someone else in this p2pool
2024-11-11 00:31:17.4828 P2Pool Your wallet 48wY7nYBsQNSw7v4LjoNnvCtk1Y6GLNVmePGrW82gVhYhQtWJFHi6U6G3X5d7JN2ucajU9SeBcijET8ZzKWYwC3z3Y6fDEG got a payout of 0.000277426449 XMR in block 3278684
2024-11-11 00:31:17.4828 P2Pool Your wallet 48wY7nYBsQNSw7v4LjoNnvCtk1Y6GLNVmePGrW82gVhYhQtWJFHi6U6G3X5d7JN2ucajU9SeBcijET8ZzKWYwC3z3Y6fDEG got a payout of 0.000277426449 XMR in block 3278684
2024-11-11 00:31:17.4828 P2Pool Your wallet 48wY7nYBsQNSw7v4LjoNnvCtk1Y6GLNVmePGrW82gVhYhQtWJFHi6U6G3X5d7JN2ucajU9SeBcijET8ZzKWYwC3z3Y6fDEG got a payout of 0.000277426449 XMR in block 3278684
2024-11-11 00:31:17.4828 P2Pool Your wallet 48wY7nYBsQNSw7v4LjoNnvCtk1Y6GLNVmePGrW82gVhYhQtWJFHi6U6G3X5d7JN2ucajU9SeBcijET8ZzKWYwC3z3Y6fDEG got a payout of 0.000277426449 XMR in block 3278684
2024-11-11 00:31:17.4828 P2Pool Your wallet 48wY7nYBsQNSw7v4LjoNnvCtk1Y6GLNVmePGrW82gVhYhQtWJFHi6U6G3X5d7JN2ucajU9SeBcijET8ZzKWYwC3z3Y6fDEG got a payout of 0.000277426449 XMR in block 3278684
2024-11-11 00:31:17.4828 P2Pool Your wallet 48wY7nYBsQNSw7v4LjoNnvCtk1Y6GLNVmePGrW82gVhYhQtWJFHi6U6G3X5d7JN2ucajU9SeBcijET8ZzKWYwC3z3Y6fDEG got a payout of 0.000277426449 XMR in block 3278684
2024-11-11 00:31:17.4828 P2Pool Your wallet 48wY7nYBsQNSw7v4LjoNnvCtk1Y6GLNVmePGrW82gVhYhQtWJFHi6U6G3X5d7JN2ucajU9SeBcijET8ZzKWYwC3z3Y6fDEG got a payout of 0.000277426449 XMR in block 3278684
2024-11-11 00:31:17.4828 P2Pool Your wallet 48wY7nYBsQNSw7v4LjoNnvCtk1Y6GLNVmePGrW82gVhYhQtWJFHi6U6G3X5d7JN2ucajU9SeBcijET8ZzKWYwC3z3Y6fDEG got a payout of 0.000277426449 XMR in block 3278684
2024-11-11 00:31:17.4828 P2Pool Your wallet 48wY7nYBsQNSw7v4LjoNnvCtk1Y6GLNVmePGrW82gVhYhQtWJFHi6U6G3X5d7JN2ucajU9SeBcijET8ZzKWYwC3z3Y6fDEG got a payout of 0.000277426449 XMR in block 3278684
2024-11-11 00:31:17.4828 P2Pool Your wallet 48wY7nYBsQNSw7v4LjoNnvCtk1Y6GLNVmePGrW82gVhYhQtWJFHi6U6G3X5d7JN2ucajU9SeBcijET8ZzKWYwC3z3Y6fDEG got a payout of 0.000277426449 XMR in block 3278684
Side chain hashrate       = 13.409 MH/s
Side chain hashrate       = 13.409 MH/s
Side chain hashrate       = 13.409 MH/s
Side chain hashrate       = 13.409 MH/s
Your shares position      = [.........................1....]
Your shares position      = [.........................1....]
2024-11-09 19:35:01.4220 StratumServer IP:port                    TLS    uptime              difficulty          hashrate       name
2024-11-09 19:35:01.4220 StratumServer 192.168.0.27:57888         no     14h 29m 51s         20358               678 H/s        paris
2024-11-09 19:35:01.4221 StratumServer 192.168.0.176:57000        no     14h 29m 52s         48999               1.633 KH/s     kermit
2024-11-09 19:35:01.4221 StratumServer 192.168.0.169:43842        no     14h 29m 53s         40188               1.339 KH/s     maia
2024-11-09 19:35:01.4221 StratumServer 192.168.0.244:48924        no     14h 29m 53s         8102                270 H/s        bingo
2024-11-09 19:35:01.4221 StratumServer 192.168.0.220:34704        no     14h 29m 53s         37254               1.241 KH/s     phoebe
2024-11-09 19:35:01.4221 StratumServer 192.168.0.86:37294         no     14h 29m 54s         50452               1.681 KH/s     sally
2024-11-09 19:35:01.4221 StratumServer 192.168.0.192:47850        no     14h 29m 54s         14120               470 H/s        brat
2024-11-09 19:35:01.4221 StratumServer Total: 7 workers
2024-11-09 19:35:01.4220 StratumServer IP:port                    TLS    uptime              difficulty          hashrate       name
2024-11-09 19:35:01.4220 StratumServer 192.168.0.27:57888         no     14h 29m 51s         20358               678 H/s        paris
2024-11-09 19:35:01.4221 StratumServer 192.168.0.176:57000        no     14h 29m 52s         48999               1.633 KH/s     kermit
2024-11-09 19:35:01.4221 StratumServer 192.168.0.169:43842        no     14h 29m 53s         40188               1.339 KH/s     maia
2024-11-09 19:35:01.4221 StratumServer 192.168.0.244:48924        no     14h 29m 53s         8102                270 H/s        bingo
2024-11-09 19:35:01.4221 StratumServer 192.168.0.220:34704        no     14h 29m 53s         37254               1.241 KH/s     phoebe
2024-11-09 19:35:01.4221 StratumServer 192.168.0.86:37294         no     14h 29m 54s         50452               1.681 KH/s     sally
2024-11-09 19:35:01.4221 StratumServer 192.168.0.192:47850        no     14h 29m 54s         14120               470 H/s        brat
2024-11-09 19:35:01.4221 StratumServer Total: 7 workers
2024-11-09 19:35:01.4220 StratumServer IP:port                    TLS    uptime              difficulty          hashrate       name
2024-11-09 19:35:01.4220 StratumServer 192.168.0.27:57888         no     14h 29m 51s         20358               678 H/s        paris
2024-11-09 19:35:01.4221 StratumServer 192.168.0.176:57000        no     14h 29m 52s         48999               1.633 KH/s     kermit
2024-11-09 19:35:01.4221 StratumServer 192.168.0.169:43842        no     14h 29m 53s         40188               1.339 KH/s     maia
2024-11-09 19:35:01.4221 StratumServer 192.168.0.244:48924        no     14h 29m 53s         8102                270 H/s        bingo
2024-11-09 19:35:01.4221 StratumServer 192.168.0.220:34704        no     14h 29m 53s         37254               1.241 KH/s     phoebe
2024-11-09 19:35:01.4221 StratumServer 192.168.0.86:37294         no     14h 29m 54s         50452               1.681 KH/s     sally
2024-11-09 19:35:01.4221 StratumServer 192.168.0.192:47850        no     14h 29m 54s         14120               470 H/s        brat
2024-11-09 19:35:01.4221 StratumServer Total: 7 workers
share_position_sample.txt
Your shares position      = [.........................1....]
Your shares position      = [.........................1....]
Your shares position      = [.........................1....]
Your shares position      = [.........................1....]
Your shares position      = [.........................1....]
Your shares position      = [.........................1....]
Your shares position      = [.........................1....]
Your shares position      = [.........................1....]
Your shares position      = [.........................1....]
Your shares position      = [.........................1....]
Your shares position      = [.........................1....]
Your shares position      = [.........................1....]
Your shares position      = [.........................1....]
Side chain hashrate       = 12.291 MH/s
Side chain hashrate       = 12.291 MH/s
Main chain hashrate       = 3.105 GH/s
Main chain hashrate       = 3.105 GH/s
Main chain hashrate       = 3.105 GH/s
Main chain hashrate       = 3.105 GH/s
Side chain hashrate       = flipper
Side chain hashrate       = flipper
Side chain hashrate       = flipper
Side chain hashrate       = flipper
Side chain hashrate       = flipper
Side chain hashrate       = flipper
Side chain hashrate       = flipper H/s
Side chain hashrate       = zebra H/s
Side chain hashrate       = zebra MH/s
Main chain hashrate       = zulu GH/s
Your hashrate (pool-side) = 5.979 KH/s
Your hashrate (pool-side) = 5.979 KH/s
Your hashrate (pool-side) = ZERO KH/s
Your hashrate (pool-side) = AweSOME KH/s
Your hashrate (pool-side) = 7.3 KH/s
Your hashrate (pool-side) = 7.3 KH/s
Your hashrate (pool-side) = 5.979 KH/s
Hashrate (1h  est) = 6.724 KH/s
Hashrate (1h  est) = 6.724 KH/s
NOTICE  2024-12-12 08:55:01.6778 SideChain status
Monero node               = 192.168.0.176:20081:ZMQ:20083
Main chain height         = 3301205
Main chain hashrate       = 3.063 GH/s
Side chain ID             = mini
Side chain height         = 9415246
Side chain hashrate       = 13.905 MH/s
Your hashrate (pool-side) = 12.918 KH/s
PPLNS window              = 2160 blocks (+62 uncles, 0 orphans)
PPLNS window duration     = 5h 53m 40s
Your wallet address       = 48wY7nYBsQNSw7v4LjoNnvCtk1Y6GLNVmePGrW82gVhYhQtWJFHi6U6G3X5d7JN2ucajU9SeBcijET8ZzKWYwC3z3Y6fDEG
Your shares               = 2 blocks (+0 uncles, 0 orphans)
Your shares position      = [1...1.........................]
Block reward share        = 0.093% (0.000578972676 XMR)
NOTICE  2024-12-12 08:55:01.6779 StratumServer status
Hashrate (15m est) = 6.699 KH/s
Hashrate (1h  est) = 6.610 KH/s
Hashrate (24h est) = 6.715 KH/s
Total hashes       = 94620203
Shares found       = 2
Average effort     = 34.298%
Current effort     = 0.431%
Connections        = 7 (7 incoming)
NOTICE  2024-12-12 08:55:01.6779 P2PServer status
Connections    = 31 (15 incoming)
Peer list size = 910
Uptime         = 3h 54m 53s
NOTICE  2024-12-12 08:55:01.6779 Util no background jobs running
NOTICE  2024-12-12 08:55:01.6778 SideChain status
Monero node               = 192.168.0.176:20081:ZMQ:20083
Main chain height         = 3301205
Main chain hashrate       = 3.063 GH/s
Side chain ID             = mini
Side chain height         = 9415246
Side chain hashrate       = 13.905 MH/s
Your hashrate (pool-side) = 12.918 KH/s
PPLNS window              = 2160 blocks (+62 uncles, 0 orphans)
PPLNS window duration     = 5h 53m 40s
Your wallet address       = 48wY7nYBsQNSw7v4LjoNnvCtk1Y6GLNVmePGrW82gVhYhQtWJFHi6U6G3X5d7JN2ucajU9SeBcijET8ZzKWYwC3z3Y6fDEG
Your shares               = 2 blocks (+0 uncles, 0 orphans)
Your shares position      = [1...1.........................]
Block reward share        = 0.093% (0.000578972676 XMR)
NOTICE  2024-12-12 08:55:01.6779 StratumServer status
Hashrate (15m est) = 6.699 KH/s
Hashrate (1h  est) = 6.610 KH/s
Hashrate (24h est) = 6.715 KH/s
Total hashes       = 94620203
Shares found       = 2
Average effort     = 34.298%
Current effort     = 0.431%
Connections        = 7 (7 incoming)
NOTICE  2024-12-12 08:55:01.6779 P2PServer status
Connections    = 31 (15 incoming)
Peer list size = 910
Uptime         = 3h 54m 53s
NOTICE  2024-12-12 08:55:01.6779 Util no background jobs running
NOTICE  2024-12-12 08:55:01.6778 SideChain status
Monero node               = 192.168.0.176:20081:ZMQ:20083
Main chain height         = 3301205
Main chain hashrate       = 3.063 GH/s
Side chain ID             = mini
Side chain height         = 9415246
Side chain hashrate       = 13.905 MH/s
Your hashrate (pool-side) = 12.918 KH/s
PPLNS window              = 2160 blocks (+62 uncles, 0 orphans)
PPLNS window duration     = 5h 53m 40s
Your wallet address       = 48wY7nYBsQNSw7v4LjoNnvCtk1Y6GLNVmePGrW82gVhYhQtWJFHi6U6G3X5d7JN2ucajU9SeBcijET8ZzKWYwC3z3Y6fDEG
Your shares               = 2 blocks (+0 uncles, 0 orphans)
Your shares position      = [1...1.........................]
Block reward share        = 0.093% (0.000578972676 XMR)
NOTICE  2024-12-12 08:55:01.6779 StratumServer status
Hashrate (15m est) = 6.699 KH/s
Hashrate (1h  est) = 6.610 KH/s
Hashrate (24h est) = 6.715 KH/s
Total hashes       = 94620203
Shares found       = 2
Average effort     = 34.298%
Current effort     = 0.431%
Connections        = 7 (7 incoming)
NOTICE  2024-12-12 08:55:01.6779 P2PServer status
Connections    = 31 (15 incoming)
Peer list size = 910
Uptime         = 3h 54m 53s
NOTICE  2024-12-12 08:55:01.6779 Util no background jobs running
NOTICE  2024-12-12 08:55:01.6778 SideChain status
Monero node               = 192.168.0.176:20081:ZMQ:20083
Main chain height         = 3301205
Main chain hashrate       = 3.063 GH/s
Side chain ID             = mini
Side chain height         = 9415246
Side chain hashrate       = 13.905 MH/s
Your hashrate (pool-side) = 12.918 KH/s
PPLNS window              = 2160 blocks (+62 uncles, 0 orphans)
PPLNS window duration     = 5h 53m 40s
Your wallet address       = 48wY7nYBsQNSw7v4LjoNnvCtk1Y6GLNVmePGrW82gVhYhQtWJFHi6U6G3X5d7JN2ucajU9SeBcijET8ZzKWYwC3z3Y6fDEG
Your shares               = 2 blocks (+0 uncles, 0 orphans)
Your shares position      = [1...1.........................]
Block reward share        = 0.093% (0.000578972676 XMR)
NOTICE  2024-12-12 08:55:01.6779 StratumServer status
Hashrate (15m est) = 6.699 KH/s
Hashrate (1h  est) = 6.610 KH/s
Hashrate (24h est) = 6.715 KH/s
Total hashes       = 94620203
Shares found       = 2
Average effort     = 34.298%
Current effort     = 0.431%
Connections        = 7 (7 incoming)
NOTICE  2024-12-12 08:55:01.6779 P2PServer status
Connections    = 31 (15 incoming)
Peer list size = 910
Uptime         = 3h 54m 53s
NOTICE  2024-12-12 08:55:01.6779 Util no background jobs running
NOTICE  2024-12-12 08:55:01.6778 SideChain status
Monero node               = 192.168.0.176:20081:ZMQ:20083
Main chain height         = 3301205
Main chain hashrate       = 3.063 GH/s
Side chain ID             = mini
Side chain height         = 9415246
Side chain hashrate       = 13.905 MH/s
Your hashrate (pool-side) = 12.918 KH/s
PPLNS window              = 2160 blocks (+62 uncles, 0 orphans)
PPLNS window duration     = 5h 53m 40s
Your wallet address       = 48wY7nYBsQNSw7v4LjoNnvCtk1Y6GLNVmePGrW82gVhYhQtWJFHi6U6G3X5d7JN2ucajU9SeBcijET8ZzKWYwC3z3Y6fDEG
Your shares               = 2 blocks (+0 uncles, 0 orphans)
Your shares position      = [1...1.........................]
Block reward share        = 0.093% (0.000578972676 XMR)
NOTICE  2024-12-12 08:55:01.6779 StratumServer status
Hashrate (15m est) = 6.699 KH/s
Hashrate (1h  est) = 6.610 KH/s
Hashrate (24h est) = 6.715 KH/s
Total hashes       = 94620203
Shares found       = 2
Average effort     = 34.298%
Current effort     = 0.431%
Connections        = 7 (7 incoming)
NOTICE  2024-12-12 08:55:01.6779 P2PServer status
Connections    = 31 (15 incoming)
Peer list size = 910
Uptime         = 3h 54m 53s
NOTICE  2024-12-12 08:55:01.6779 Util no background jobs running
NOTICE  2024-12-12 08:55:01.6778 SideChain status
Monero node               = 192.168.0.176:20081:ZMQ:20083
Main chain height         = 3301205
Main chain hashrate       = 3.063 GH/s
Side chain ID             = mini
Side chain height         = 9415246
Side chain hashrate       = 13.905 MH/s
Your hashrate (pool-side) = 12.918 KH/s
PPLNS window              = 2160 blocks (+62 uncles, 0 orphans)
PPLNS window duration     = 5h 53m 40s
Your wallet address       = 48wY7nYBsQNSw7v4LjoNnvCtk1Y6GLNVmePGrW82gVhYhQtWJFHi6U6G3X5d7JN2ucajU9SeBcijET8ZzKWYwC3z3Y6fDEG
Your shares               = 2 blocks (+0 uncles, 0 orphans)
Your shares position      = [1...1.........................]
Block reward share        = 0.093% (0.000578972676 XMR)
NOTICE  2024-12-12 08:55:01.6779 StratumServer status
Hashrate (15m est) = 6.699 KH/s
Hashrate (1h  est) = 6.610 KH/s
Hashrate (24h est) = 6.715 KH/s
Total hashes       = 94620203
Shares found       = 2
Average effort     = 34.298%
Current effort     = 0.431%
Connections        = 7 (7 incoming)
NOTICE  2024-12-12 08:55:01.6779 P2PServer status
Connections    = 31 (15 incoming)
Peer list size = 910
Uptime         = 3h 54m 53s
NOTICE  2024-12-12 08:55:01.6779 Util no background jobs running
NOTICE  2024-12-12 08:55:01.6778 SideChain status
Monero node               = 192.168.0.176:20081:ZMQ:20083
Main chain height         = 3301205
Main chain hashrate       = 3.063 GH/s
Side chain ID             = mini
Side chain height         = 9415246
Side chain hashrate       = 13.905 MH/s
Your hashrate (pool-side) = 12.918 KH/s
PPLNS window              = 2160 blocks (+62 uncles, 0 orphans)
PPLNS window duration     = 5h 53m 40s
Your wallet address       = 48wY7nYBsQNSw7v4LjoNnvCtk1Y6GLNVmePGrW82gVhYhQtWJFHi6U6G3X5d7JN2ucajU9SeBcijET8ZzKWYwC3z3Y6fDEG
Your shares               = 2 blocks (+0 uncles, 0 orphans)
Your shares position      = [1...1.........................]
Block reward share        = 0.093% (0.000578972676 XMR)
NOTICE  2024-12-12 08:55:01.6779 StratumServer status
Hashrate (15m est) = 6.699 KH/s
Hashrate (1h  est) = 6.610 KH/s
Hashrate (24h est) = 6.715 KH/s
Total hashes       = 94620203
Shares found       = 2
Average effort     = 34.298%
Current effort     = 0.431%
Connections        = 7 (7 incoming)
NOTICE  2024-12-12 08:55:01.6779 P2PServer status
Connections    = 31 (15 incoming)
Peer list size = 910
Uptime         = 3h 54m 53s
NOTICE  2024-12-12 08:55:01.6779 Util no background jobs running
NOTICE  2024-12-12 08:55:01.6778 SideChain status
Monero node               = 192.168.0.176:20081:ZMQ:20083
Main chain height         = 3301205
Main chain hashrate       = 3.063 GH/s
Side chain ID             = mini
Side chain height         = 9415246
Side chain hashrate       = 13.905 MH/s
Your hashrate (pool-side) = 12.918 KH/s
PPLNS window              = 2160 blocks (+62 uncles, 0 orphans)
PPLNS window duration     = 5h 53m 40s
Your wallet address       = 48wY7nYBsQNSw7v4LjoNnvCtk1Y6GLNVmePGrW82gVhYhQtWJFHi6U6G3X5d7JN2ucajU9SeBcijET8ZzKWYwC3z3Y6fDEG
Your shares               = 2 blocks (+0 uncles, 0 orphans)
Your shares position      = [1...1.........................]
Block reward share        = 0.093% (0.000578972676 XMR)
NOTICE  2024-12-12 08:55:01.6779 StratumServer status
Hashrate (15m est) = 6.699 KH/s
Hashrate (1h  est) = 6.610 KH/s
Hashrate (24h est) = 6.715 KH/s
Total hashes       = 94620203
Shares found       = 2
Average effort     = 34.298%
Current effort     = 0.431%
Connections        = 7 (7 incoming)
NOTICE  2024-12-12 08:55:01.6779 P2PServer status
Connections    = 31 (15 incoming)
Peer list size = 910
Uptime         = 3h 54m 53s
NOTICE  2024-12-12 08:55:01.6779 Util no background jobs running
NOTICE  2024-12-12 08:55:01.6778 SideChain status
Monero node               = 192.168.0.176:20081:ZMQ:20083
Main chain height         = 3301205
Main chain hashrate       = 3.063 GH/s
Side chain ID             = mini
Side chain height         = 9415246
Side chain hashrate       = 13.905 MH/s
Your hashrate (pool-side) = 12.918 KH/s
PPLNS window              = 2160 blocks (+62 uncles, 0 orphans)
PPLNS window duration     = 5h 53m 40s
Your wallet address       = 48wY7nYBsQNSw7v4LjoNnvCtk1Y6GLNVmePGrW82gVhYhQtWJFHi6U6G3X5d7JN2ucajU9SeBcijET8ZzKWYwC3z3Y6fDEG
Your shares               = 2 blocks (+0 uncles, 0 orphans)
Your shares position      = [1...1.........................]
Block reward share        = 0.093% (0.000578972676 XMR)
NOTICE  2024-12-12 08:55:01.6779 StratumServer status
Hashrate (15m est) = 6.699 KH/s
Hashrate (1h  est) = 6.610 KH/s
Hashrate (24h est) = 6.715 KH/s
Total hashes       = 94620203
Shares found       = 2
Average effort     = 34.298%
Current effort     = 0.431%
Connections        = 7 (7 incoming)
NOTICE  2024-12-12 08:55:01.6779 P2PServer status
Connections    = 31 (15 incoming)
Peer list size = 910
Uptime         = 3h 54m 53s
NOTICE  2024-12-12 08:55:01.6779 Util no background jobs running
NOTICE  2024-12-12 08:55:01.6778 SideChain status
Monero node               = 192.168.0.176:20081:ZMQ:20083
Main chain height         = 3301205
Main chain hashrate       = 3.063 GH/s
Side chain ID             = mini
Side chain height         = 9415246
Side chain hashrate       = 13.905 MH/s
Your hashrate (pool-side) = 12.918 KH/s
PPLNS window              = 2160 blocks (+62 uncles, 0 orphans)
PPLNS window duration     = 5h 53m 40s
Your wallet address       = 48wY7nYBsQNSw7v4LjoNnvCtk1Y6GLNVmePGrW82gVhYhQtWJFHi6U6G3X5d7JN2ucajU9SeBcijET8ZzKWYwC3z3Y6fDEG
Your shares               = 2 blocks (+0 uncles, 0 orphans)
Your shares position      = [1...1.........................]
Block reward share        = 0.093% (0.000578972676 XMR)
NOTICE  2024-12-12 08:55:01.6779 StratumServer status
Hashrate (15m est) = 6.699 KH/s
Hashrate (1h  est) = 6.610 KH/s
Hashrate (24h est) = 6.715 KH/s
Total hashes       = 94620203
Shares found       = 2
Average effort     = 34.298%
Current effort     = 0.431%
Connections        = 7 (7 incoming)
NOTICE  2024-12-12 08:55:01.6779 P2PServer status
Connections    = 31 (15 incoming)
Peer list size = 910
Uptime         = 3h 54m 53s
NOTICE  2024-12-12 08:55:01.6779 Util no background jobs running
NOTICE  2024-12-12 08:55:01.6778 SideChain status
Monero node               = 192.168.0.176:20081:ZMQ:20083
Main chain height         = 3301205
Main chain hashrate       = 3.063 GH/s
Side chain ID             = mini
Side chain height         = 9415246
Side chain hashrate       = 13.905 MH/s
Your hashrate (pool-side) = 12.918 KH/s
PPLNS window              = 2160 blocks (+62 uncles, 0 orphans)
PPLNS window duration     = 5h 53m 40s
Your wallet address       = 48wY7nYBsQNSw7v4LjoNnvCtk1Y6GLNVmePGrW82gVhYhQtWJFHi6U6G3X5d7JN2ucajU9SeBcijET8ZzKWYwC3z3Y6fDEG
Your shares               = 2 blocks (+0 uncles, 0 orphans)
Your shares position      = [1...1.........................]
Block reward share        = 0.093% (0.000578972676 XMR)
NOTICE  2024-12-12 08:55:01.6779 StratumServer status
Hashrate (15m est) = 6.699 KH/s
Hashrate (1h  est) = 6.610 KH/s
Hashrate (24h est) = 6.715 KH/s
Total hashes       = 94620203
Shares found       = 2
Average effort     = 34.298%
Current effort     = 0.431%
Connections        = 7 (7 incoming)
NOTICE  2024-12-12 08:55:01.6779 P2PServer status
Connections    = 31 (15 incoming)
Peer list size = 910
Uptime         = 3h 54m 53s
NOTICE  2024-12-12 08:55:01.6779 Util no background jobs running
NOTICE  2024-12-12 08:55:01.6778 SideChain status
Monero node               = 192.168.0.176:20081:ZMQ:20083
Main chain height         = 3301205
Main chain hashrate       = 3.063 GH/s
Side chain ID             = mini
Side chain height         = 9415246
Side chain hashrate       = 13.905 MH/s
Your hashrate (pool-side) = 12.918 KH/s
PPLNS window              = 2160 blocks (+62 uncles, 0 orphans)
PPLNS window duration     = 5h 53m 40s
Your wallet address       = 48wY7nYBsQNSw7v4LjoNnvCtk1Y6GLNVmePGrW82gVhYhQtWJFHi6U6G3X5d7JN2ucajU9SeBcijET8ZzKWYwC3z3Y6fDEG
Your shares               = 2 blocks (+0 uncles, 0 orphans)
Your shares position      = [1...1.........................]
Block reward share        = 0.093% (0.000578972676 XMR)
NOTICE  2024-12-12 08:55:01.6779 StratumServer status
Hashrate (15m est) = 6.699 KH/s
Hashrate (1h  est) = 6.610 KH/s
Hashrate (24h est) = 6.715 KH/s
Total hashes       = 94620203
Shares found       = 2
Average effort     = 34.298%
Current effort     = 0.431%
Connections        = 7 (7 incoming)
NOTICE  2024-12-12 08:55:01.6779 P2PServer status
Connections    = 31 (15 incoming)
Peer list size = 910
Uptime         = 3h 54m 53s
NOTICE  2024-12-12 08:55:01.6779 Util no background jobs running
NOTICE  2024-12-12 08:55:01.6778 SideChain status
Monero node               = 192.168.0.176:20081:ZMQ:20083
Main chain height         = 3301205
Main chain hashrate       = 3.063 GH/s
Side chain ID             = mini
Side chain height         = 9415246
Side chain hashrate       = 13.905 MH/s
Your hashrate (pool-side) = 12.918 KH/s
PPLNS window              = 2160 blocks (+62 uncles, 0 orphans)
PPLNS window duration     = 5h 53m 40s
Your wallet address       = 48wY7nYBsQNSw7v4LjoNnvCtk1Y6GLNVmePGrW82gVhYhQtWJFHi6U6G3X5d7JN2ucajU9SeBcijET8ZzKWYwC3z3Y6fDEG
Your shares               = 2 blocks (+0 uncles, 0 orphans)
Your shares position      = [1...1.........................]
Block reward share        = 0.093% (0.000578972676 XMR)
NOTICE  2024-12-12 08:55:01.6779 StratumServer status
Hashrate (15m est) = 6.699 KH/s
Hashrate (1h  est) = 6.610 KH/s
Hashrate (24h est) = 6.715 KH/s
Total hashes       = 94620203
Shares found       = 2
Average effort     = 34.298%
Current effort     = 0.431%
Connections        = 7 (7 incoming)
NOTICE  2024-12-12 08:55:01.6779 P2PServer status
Connections    = 31 (15 incoming)
Peer list size = 910
Uptime         = 3h 54m 53s
NOTICE  2024-12-12 08:55:01.6779 Util no background jobs running
NOTICE  2024-12-12 08:55:01.6778 SideChain status
Monero node               = 192.168.0.176:20081:ZMQ:20083
Main chain height         = 3301205
Main chain hashrate       = 3.063 GH/s
Side chain ID             = mini
Side chain height         = 9415246
Side chain hashrate       = 13.905 MH/s
Your hashrate (pool-side) = 12.918 KH/s
PPLNS window              = 2160 blocks (+62 uncles, 0 orphans)
PPLNS window duration     = 5h 53m 40s
Your wallet address       = 48wY7nYBsQNSw7v4LjoNnvCtk1Y6GLNVmePGrW82gVhYhQtWJFHi6U6G3X5d7JN2ucajU9SeBcijET8ZzKWYwC3z3Y6fDEG
Your shares               = 2 blocks (+0 uncles, 0 orphans)
Your shares position      = [1...1.........................]
Block reward share        = 0.093% (0.000578972676 XMR)
NOTICE  2024-12-12 08:55:01.6779 StratumServer status
Hashrate (15m est) = 6.699 KH/s
Hashrate (1h  est) = 6.610 KH/s
Hashrate (24h est) = 6.715 KH/s
Total hashes       = 94620203
Shares found       = 2
Average effort     = 34.298%
Current effort     = 0.431%
Connections        = 7 (7 incoming)
NOTICE  2024-12-12 08:55:01.6779 P2PServer status
Connections    = 31 (15 incoming)
Peer list size = 910
Uptime         = 3h 54m 53s
NOTICE  2024-12-12 08:55:01.6779 Util no background jobs running
NOTICE  2024-12-12 08:55:01.6778 SideChain status
Monero node               = 192.168.0.176:20081:ZMQ:20083
Main chain height         = 3301205
Main chain hashrate       = 3.063 GH/s
Side chain ID             = mini
Side chain height         = 9415246
Side chain hashrate       = 13.905 MH/s
Your hashrate (pool-side) = 12.918 KH/s
PPLNS window              = 2160 blocks (+62 uncles, 0 orphans)
PPLNS window duration     = 5h 53m 40s
Your wallet address       = 48wY7nYBsQNSw7v4LjoNnvCtk1Y6GLNVmePGrW82gVhYhQtWJFHi6U6G3X5d7JN2ucajU9SeBcijET8ZzKWYwC3z3Y6fDEG
Your shares               = 2 blocks (+0 uncles, 0 orphans)
Your shares position      = [1...1.........................]
Block reward share        = 0.093% (0.000578972676 XMR)
NOTICE  2024-12-12 08:55:01.6779 StratumServer status
Hashrate (15m est) = 6.699 KH/s
Hashrate (1h  est) = 6.610 KH/s
Hashrate (24h est) = 6.715 KH/s
Total hashes       = 94620203
Shares found       = 2
Average effort     = 34.298%
Current effort     = 0.431%
Connections        = 7 (7 incoming)
NOTICE  2024-12-12 08:55:01.6779 P2PServer status
Connections    = 31 (15 incoming)
Peer list size = 910
Uptime         = 3h 54m 53s
NOTICE  2024-12-12 08:55:01.6779 Util no background jobs running
NOTICE  2024-12-12 08:55:01.6778 SideChain status
Monero node               = 192.168.0.176:20081:ZMQ:20083
Main chain height         = 3301205
Main chain hashrate       = 3.063 GH/s
Side chain ID             = mini
Side chain height         = 9415246
Side chain hashrate       = 13.905 MH/s
Your hashrate (pool-side) = 12.918 KH/s
PPLNS window              = 2160 blocks (+62 uncles, 0 orphans)
PPLNS window duration     = 5h 53m 40s
Your wallet address       = 48wY7nYBsQNSw7v4LjoNnvCtk1Y6GLNVmePGrW82gVhYhQtWJFHi6U6G3X5d7JN2ucajU9SeBcijET8ZzKWYwC3z3Y6fDEG
Your shares               = 2 blocks (+0 uncles, 0 orphans)
Your shares position      = [1...1.........................]
Block reward share        = 0.093% (0.000578972676 XMR)
NOTICE  2024-12-12 08:55:01.6779 StratumServer status
Hashrate (15m est) = 6.699 KH/s
Hashrate (1h  est) = 6.610 KH/s
Hashrate (24h est) = 6.715 KH/s
Total hashes       = 94620203
Shares found       = 2
Average effort     = 34.298%
Current effort     = 0.431%
Connections        = 7 (7 incoming)
NOTICE  2024-12-12 08:55:01.6779 P2PServer status
Connections    = 31 (15 incoming)
Peer list size = 910
Uptime         = 3h 54m 53s
NOTICE  2024-12-12 08:55:01.6779 Util no background jobs running
NOTICE  2024-12-12 08:55:01.6778 SideChain status
Monero node               = 192.168.0.176:20081:ZMQ:20083
Main chain height         = 3301205
Main chain hashrate       = 3.063 GH/s
Side chain ID             = mini
Side chain height         = 9415246
Side chain hashrate       = 13.905 MH/s
Your hashrate (pool-side) = 12.918 KH/s
PPLNS window              = 2160 blocks (+62 uncles, 0 orphans)
PPLNS window duration     = 5h 53m 40s
Your wallet address       = 48wY7nYBsQNSw7v4LjoNnvCtk1Y6GLNVmePGrW82gVhYhQtWJFHi6U6G3X5d7JN2ucajU9SeBcijET8ZzKWYwC3z3Y6fDEG
Your shares               = 2 blocks (+0 uncles, 0 orphans)
Your shares position      = [1...1.........................]
Block reward share        = 0.093% (0.000578972676 XMR)
NOTICE  2024-12-12 08:55:01.6779 StratumServer status
Hashrate (15m est) = 6.699 KH/s
Hashrate (1h  est) = 6.610 KH/s
Hashrate (24h est) = 6.715 KH/s
Total hashes       = 94620203
Shares found       = 2
Average effort     = 34.298%
Current effort     = 0.431%
Connections        = 7 (7 incoming)
NOTICE  2024-12-12 08:55:01.6779 P2PServer status
Connections    = 31 (15 incoming)
Peer list size = 910
Uptime         = 3h 54m 53s
NOTICE  2024-12-12 08:55:01.6779 Util no background jobs running
NOTICE  2024-12-12 08:55:01.6778 SideChain status
Monero node               = 192.168.0.176:20081:ZMQ:20083
Main chain height         = 3301205
Main chain hashrate       = 3.063 GH/s
Side chain ID             = mini
Side chain height         = 9415246
Side chain hashrate       = 13.905 MH/s
Your hashrate (pool-side) = 12.918 KH/s
PPLNS window              = 2160 blocks (+62 uncles, 0 orphans)
PPLNS window duration     = 5h 53m 40s
Your wallet address       = 48wY7nYBsQNSw7v4LjoNnvCtk1Y6GLNVmePGrW82gVhYhQtWJFHi6U6G3X5d7JN2ucajU9SeBcijET8ZzKWYwC3z3Y6fDEG
Your shares               = 2 blocks (+0 uncles, 0 orphans)
Your shares position      = [1...1.........................]
Block reward share        = 0.093% (0.000578972676 XMR)
NOTICE  2024-12-12 08:55:01.6779 StratumServer status
Hashrate (15m est) = 6.699 KH/s
Hashrate (1h  est) = 6.610 KH/s
Hashrate (24h est) = 6.715 KH/s
Total hashes       = 94620203
Shares found       = 2
Average effort     = 34.298%
Current effort     = 0.431%
Connections        = 7 (7 incoming)
NOTICE  2024-12-12 08:55:01.6779 P2PServer status
Connections    = 31 (15 incoming)
Peer list size = 910
Uptime         = 3h 54m 53s
NOTICE  2024-12-12 08:55:01.6779 Util no background jobs running
NOTICE  2024-12-12 08:55:01.6778 SideChain status
Monero node               = 192.168.0.176:20081:ZMQ:20083
Main chain height         = 3301205
Main chain hashrate       = 3.063 GH/s
Side chain ID             = mini
Side chain height         = 9415246
Side chain hashrate       = 13.905 MH/s
Your hashrate (pool-side) = 12.918 KH/s
PPLNS window              = 2160 blocks (+62 uncles, 0 orphans)
PPLNS window duration     = 5h 53m 40s
Your wallet address       = 48wY7nYBsQNSw7v4LjoNnvCtk1Y6GLNVmePGrW82gVhYhQtWJFHi6U6G3X5d7JN2ucajU9SeBcijET8ZzKWYwC3z3Y6fDEG
Your shares               = 2 blocks (+0 uncles, 0 orphans)
Your shares position      = [1...1.........................]
Block reward share        = 0.093% (0.000578972676 XMR)
NOTICE  2024-12-12 08:55:01.6779 StratumServer status
Hashrate (15m est) = 6.699 KH/s
Hashrate (1h  est) = 6.610 KH/s
Hashrate (24h est) = 6.715 KH/s
Total hashes       = 94620203
Shares found       = 2
Average effort     = 34.298%
Current effort     = 0.431%
Connections        = 7 (7 incoming)
NOTICE  2024-12-12 08:55:01.6779 P2PServer status
Connections    = 31 (15 incoming)
Peer list size = 910
Uptime         = 3h 54m 53s
NOTICE  2024-12-12 08:55:01.6779 Util no background jobs running
NOTICE  2024-12-12 08:55:01.6778 SideChain status
Monero node               = 192.168.0.176:20081:ZMQ:20083
Main chain height         = 3301205
Main chain hashrate       = 3.063 GH/s
Side chain ID             = mini
Side chain height         = 9415246
Side chain hashrate       = 13.905 MH/s
Your hashrate (pool-side) = 12.918 KH/s
PPLNS window              = 2160 blocks (+62 uncles, 0 orphans)
PPLNS window duration     = 5h 53m 40s
Your wallet address       = 48wY7nYBsQNSw7v4LjoNnvCtk1Y6GLNVmePGrW82gVhYhQtWJFHi6U6G3X5d7JN2ucajU9SeBcijET8ZzKWYwC3z3Y6fDEG
Your shares               = 2 blocks (+0 uncles, 0 orphans)
Your shares position      = [1...1.........................]
Block reward share        = 0.093% (0.000578972676 XMR)
NOTICE  2024-12-12 08:55:01.6779 StratumServer status
Hashrate (15m est) = 6.699 KH/s
Hashrate (1h  est) = 6.610 KH/s
Hashrate (24h est) = 6.715 KH/s
Total hashes       = 94620203
Shares found       = 2
Average effort     = 34.298%
Current effort     = 0.431%
Connections        = 7 (7 incoming)
NOTICE  2024-12-12 08:55:01.6779 P2PServer status
Connections    = 31 (15 incoming)
Peer list size = 910
Uptime         = 3h 54m 53s
NOTICE  2024-12-12 08:55:01.6779 Util no background jobs running
NOTICE  2024-12-12 08:55:01.6778 SideChain status
Monero node               = 192.168.0.176:20081:ZMQ:20083
Main chain height         = 3301205
Main chain hashrate       = 3.063 GH/s
Side chain ID             = mini
Side chain height         = 9415246
Side chain hashrate       = 13.905 MH/s
Your hashrate (pool-side) = 12.918 KH/s
PPLNS window              = 2160 blocks (+62 uncles, 0 orphans)
PPLNS window duration     = 5h 53m 40s
Your wallet address       = 48wY7nYBsQNSw7v4LjoNnvCtk1Y6GLNVmePGrW82gVhYhQtWJFHi6U6G3X5d7JN2ucajU9SeBcijET8ZzKWYwC3z3Y6fDEG
Your shares               = 2 blocks (+0 uncles, 0 orphans)
Your shares position      = [1...1.........................]
Block reward share        = 0.093% (0.000578972676 XMR)
NOTICE  2024-12-12 08:55:01.6779 StratumServer status
Hashrate (15m est) = 6.699 KH/s
Hashrate (1h  est) = 6.610 KH/s
Hashrate (24h est) = 6.715 KH/s
Total hashes       = 94620203
Shares found       = 2
Average effort     = 34.298%
Current effort     = 0.431%
Connections        = 7 (7 incoming)
NOTICE  2024-12-12 08:55:01.6779 P2PServer status
Connections    = 31 (15 incoming)
Peer list size = 910
Uptime         = 3h 54m 53s
NOTICE  2024-12-12 08:55:01.6779 Util no background jobs running
NOTICE  2024-12-12 08:55:01.6778 SideChain status
Monero node               = 192.168.0.176:20081:ZMQ:20083
Main chain height         = 3301205
Main chain hashrate       = 3.063 GH/s
Side chain ID             = mini
Side chain height         = 9415246
Side chain hashrate       = 13.905 MH/s
Your hashrate (pool-side) = 12.918 KH/s
PPLNS window              = 2160 blocks (+62 uncles, 0 orphans)
PPLNS window duration     = 5h 53m 40s
Your wallet address       = 48wY7nYBsQNSw7v4LjoNnvCtk1Y6GLNVmePGrW82gVhYhQtWJFHi6U6G3X5d7JN2ucajU9SeBcijET8ZzKWYwC3z3Y6fDEG
Your shares               = 2 blocks (+0 uncles, 0 orphans)
Your shares position      = [1...1.........................]
Block reward share        = 0.093% (0.000578972676 XMR)
NOTICE  2024-12-12 08:55:01.6779 StratumServer status
Hashrate (15m est) = 6.699 KH/s
Hashrate (1h  est) = 6.610 KH/s
Hashrate (24h est) = 6.715 KH/s
Total hashes       = 94620203
Shares found       = 2
Average effort     = 34.298%
Current effort     = 0.431%
Connections        = 7 (7 incoming)
NOTICE  2024-12-12 08:55:01.6779 P2PServer status
Connections    = 31 (15 incoming)
Peer list size = 910
Uptime         = 3h 54m 53s
NOTICE  2024-12-12 08:55:01.6779 Util no background jobs running
NOTICE  2024-12-12 08:55:01.6778 SideChain status
Monero node               = 192.168.0.176:20081:ZMQ:20083
Main chain height         = 3301205
Main chain hashrate       = 3.063 GH/s
Side chain ID             = mini
Side chain height         = 9415246
Side chain hashrate       = 13.905 MH/s
Your hashrate (pool-side) = 12.918 KH/s
PPLNS window              = 2160 blocks (+62 uncles, 0 orphans)
PPLNS window duration     = 5h 53m 40s
Your wallet address       = 48wY7nYBsQNSw7v4LjoNnvCtk1Y6GLNVmePGrW82gVhYhQtWJFHi6U6G3X5d7JN2ucajU9SeBcijET8ZzKWYwC3z3Y6fDEG
Your shares               = 2 blocks (+0 uncles, 0 orphans)
Your shares position      = [1...1.........................]
Block reward share        = 0.093% (0.000578972676 XMR)
NOTICE  2024-12-12 08:55:01.6779 StratumServer status
Hashrate (15m est) = 6.699 KH/s
Hashrate (1h  est) = 6.610 KH/s
Hashrate (24h est) = 6.715 KH/s
Total hashes       = 94620203
Shares found       = 2
Average effort     = 34.298%
Current effort     = 0.431%
Connections        = 7 (7 incoming)
NOTICE  2024-12-12 08:55:01.6779 P2PServer status
Connections    = 31 (15 incoming)
Peer list size = 910
Uptime         = 3h 54m 53s
NOTICE  2024-12-12 08:55:01.6779 Util no background jobs running
NOTICE  2024-12-12 08:55:01.6778 SideChain status
Monero node               = 192.168.0.176:20081:ZMQ:20083
Main chain height         = 3301205
Main chain hashrate       = 3.063 GH/s
Side chain ID             = mini
Side chain height         = 9415246
Side chain hashrate       = 13.905 MH/s
Your hashrate (pool-side) = 12.918 KH/s
PPLNS window              = 2160 blocks (+62 uncles, 0 orphans)
PPLNS window duration     = 5h 53m 40s
Your wallet address       = 48wY7nYBsQNSw7v4LjoNnvCtk1Y6GLNVmePGrW82gVhYhQtWJFHi6U6G3X5d7JN2ucajU9SeBcijET8ZzKWYwC3z3Y6fDEG
Your shares               = 2 blocks (+0 uncles, 0 orphans)
Your shares position      = [1...1.........................]
Block reward share        = 0.093% (0.000578972676 XMR)
NOTICE  2024-12-12 08:55:01.6779 StratumServer status
Hashrate (15m est) = 6.699 KH/s
Hashrate (1h  est) = 6.610 KH/s
Hashrate (24h est) = 6.715 KH/s
Total hashes       = 94620203
Shares found       = 2
Average effort     = 34.298%
Current effort     = 0.431%
Connections        = 7 (7 incoming)
NOTICE  2024-12-12 08:55:01.6779 P2PServer status
Connections    = 31 (15 incoming)
Peer list size = 910
Uptime         = 3h 54m 53s
NOTICE  2024-12-12 08:55:01.6779 Util no background jobs running
NOTICE  2024-12-12 08:55:01.6778 SideChain status
Monero node               = 192.168.0.176:20081:ZMQ:20083
Main chain height         = 3301205
Main chain hashrate       = 3.063 GH/s
Side chain ID             = mini
Side chain height         = 9415246
Side chain hashrate       = 13.905 MH/s
Your hashrate (pool-side) = 12.918 KH/s
PPLNS window              = 2160 blocks (+62 uncles, 0 orphans)
PPLNS window duration     = 5h 53m 40s
Your wallet address       = 48wY7nYBsQNSw7v4LjoNnvCtk1Y6GLNVmePGrW82gVhYhQtWJFHi6U6G3X5d7JN2ucajU9SeBcijET8ZzKWYwC3z3Y6fDEG
Your shares               = 2 blocks (+0 uncles, 0 orphans)
Your shares position      = [1...1.........................]
Block reward share        = 0.093% (0.000578972676 XMR)
NOTICE  2024-12-12 08:55:01.6779 StratumServer status
Hashrate (15m est) = 6.699 KH/s
Hashrate (1h  est) = 6.610 KH/s
Hashrate (24h est) = 6.715 KH/s
Total hashes       = 94620203
Shares found       = 2
Average effort     = 34.298%
Current effort     = 0.431%
Connections        = 7 (7 incoming)
NOTICE  2024-12-12 08:55:01.6779 P2PServer status
Connections    = 31 (15 incoming)
Peer list size = 910
Uptime         = 3h 54m 53s
NOTICE  2024-12-12 08:55:01.6779 Util no background jobs running
NOTICE  2024-12-12 08:55:01.6778 SideChain status
Monero node               = 192.168.0.176:20081:ZMQ:20083
Main chain height         = 3301205
Main chain hashrate       = 3.063 GH/s
Side chain ID             = mini
Side chain height         = 9415246
Side chain hashrate       = 13.000 MH/s
Your hashrate (pool-side) = 12.000 KH/s
PPLNS window              = 2160 blocks (+62 uncles, 0 orphans)
PPLNS window duration     = 5h 53m 40s
Your wallet address       = 48wY7nYBsQNSw7v4LjoNnvCtk1Y6GLNVmePGrW82gVhYhQtWJFHi6U6G3X5d7JN2ucajU9SeBcijET8ZzKWYwC3z3Y6fDEG
Your shares               = 2 blocks (+0 uncles, 0 orphans)
Your shares position      = [1...1.........................]
Block reward share        = 0.093% (0.000578972676 XMR)
NOTICE  2024-12-12 08:55:01.6779 StratumServer status
Hashrate (15m est) = 6.699 KH/s
Hashrate (1h  est) = 6.000 KH/s
Hashrate (24h est) = 6.715 KH/s
Total hashes       = 94620203
Shares found       = 2
Average effort     = 34.298%
Current effort     = 0.431%
Connections        = 7 (7 incoming)
NOTICE  2024-12-12 08:55:01.6779 P2PServer status
Connections    = 31 (15 incoming)
Peer list size = 910
Uptime         = 3h 54m 53s
NOTICE  2024-12-12 08:55:01.6779 Util no background jobs running
NOTICE  2024-12-12 08:55:01.6778 SideChain status
Monero node               = 192.168.0.176:20081:ZMQ:20083
Main chain height         = 3301205
Main chain hashrate       = 3.063 GH/s
Side chain ID             = mini
Side chain height         = 9415246
Side chain hashrate       = 13.000 MH/s
Your hashrate (pool-side) = 12.000 KH/s
PPLNS window              = 2160 blocks (+62 uncles, 0 orphans)
PPLNS window duration     = 5h 53m 40s
Your wallet address       = 48wY7nYBsQNSw7v4LjoNnvCtk1Y6GLNVmePGrW82gVhYhQtWJFHi6U6G3X5d7JN2ucajU9SeBcijET8ZzKWYwC3z3Y6fDEG
Your shares               = 2 blocks (+0 uncles, 0 orphans)
Your shares position      = [1...1.........................]
Block reward share        = 0.093% (0.000578972676 XMR)
NOTICE  2024-12-12 08:55:01.6779 StratumServer status
Hashrate (15m est) = 6.699 KH/s
Hashrate (1h  est) = 6.000 KH/s
Hashrate (24h est) = 6.715 KH/s
Total hashes       = 94620203
Shares found       = 2
Average effort     = 34.298%
Current effort     = 0.431%
Connections        = 7 (7 incoming)
NOTICE  2024-12-12 08:55:01.6779 P2PServer status
Connections    = 31 (15 incoming)
Peer list size = 910
Uptime         = 3h 54m 53s
NOTICE  2024-12-12 08:55:01.6779 Util no background jobs running
NOTICE  2024-12-12 08:55:01.6778 SideChain status
Monero node               = 192.168.0.176:20081:ZMQ:20083
Main chain height         = 3301205
Main chain hashrate       = 3.000 GH/s
Side chain ID             = mini
Side chain height         = 9415246
Side chain hashrate       = 13.000 MH/s
Your hashrate (pool-side) = 12.000 KH/s
PPLNS window              = 2160 blocks (+62 uncles, 0 orphans)
PPLNS window duration     = 5h 53m 40s
Your wallet address       = 48wY7nYBsQNSw7v4LjoNnvCtk1Y6GLNVmePGrW82gVhYhQtWJFHi6U6G3X5d7JN2ucajU9SeBcijET8ZzKWYwC3z3Y6fDEG
Your shares               = 2 blocks (+0 uncles, 0 orphans)
Your shares position      = [1...1.........................]
Block reward share        = 0.093% (0.000578972676 XMR)
NOTICE  2024-12-12 08:55:01.6779 StratumServer status
Hashrate (15m est) = 6.699 KH/s
Hashrate (1h  est) = 6.000 KH/s
Hashrate (24h est) = 6.715 KH/s
Total hashes       = 94620203
Shares found       = 2
Average effort     = 34.298%
Current effort     = 0.431%
Connections        = 7 (7 incoming)
NOTICE  2024-12-12 08:55:01.6779 P2PServer status
Connections    = 31 (15 incoming)
Peer list size = 910
Uptime         = 3h 54m 53s
NOTICE  2024-12-12 08:55:01.6779 Util no background jobs running
NOTICE  2024-12-12 20:55:01.7446 SideChain status
Monero node               = 192.168.0.176:20081:ZMQ:20083
Main chain height         = 3301613
Main chain hashrate       = 3.298 GH/s
Side chain ID             = mini
Side chain height         = 9419412
Side chain hashrate       = 13.379 MH/s
PPLNS window              = 2160 blocks (+55 uncles, 0 orphans)
PPLNS window duration     = 6h 10m 6s
Your wallet address       = 48wY7nYBsQNSw7v4LjoNnvCtk1Y6GLNVmePGrW82gVhYhQtWJFHi6U6G3X5d7JN2ucajU9SeBcijET8ZzKWYwC3z3Y6fDEG
Your shares               = 0 blocks (+0 uncles, 0 orphans)
Block reward share        = 0.000% (0.000000000000 XMR)
NOTICE  2024-12-12 20:55:01.7446 StratumServer status
Hashrate (15m est) = 6.230 KH/s
Hashrate (1h  est) = 6.375 KH/s
Hashrate (24h est) = 6.914 KH/s
Total hashes       = 396122828
Shares found       = 2
Average effort     = 34.298%
Current effort     = 225.808%
Connections        = 7 (7 incoming)
NOTICE  2024-12-12 20:55:01.7446 P2PServer status
Connections    = 32 (16 incoming)
Peer list size = 963
Uptime         = 15h 54m 53s
NOTICE  2024-12-12 20:55:01.7446 Util no background jobs running
NOTICE  2024-12-12 20:55:01.7446 SideChain status
Monero node               = 192.168.0.176:20081:ZMQ:20083
Main chain height         = 3301613
Main chain hashrate       = 3.888 GH/s
Side chain ID             = mini
Side chain height         = 9419412
Side chain hashrate       = 13.888 MH/s
PPLNS window              = 2160 blocks (+55 uncles, 0 orphans)
PPLNS window duration     = 6h 10m 6s
Your wallet address       = 48wY7nYBsQNSw7v4LjoNnvCtk1Y6GLNVmePGrW82gVhYhQtWJFHi6U6G3X5d7JN2ucajU9SeBcijET8ZzKWYwC3z3Y6fDEG
Your shares               = 0 blocks (+0 uncles, 0 orphans)
Block reward share        = 0.000% (0.000000000000 XMR)
NOTICE  2024-12-12 20:55:01.7446 StratumServer status
Hashrate (15m est) = 6.230 KH/s
Hashrate (1h  est) = 6.888 KH/s
Hashrate (24h est) = 6.914 KH/s
Total hashes       = 396122828
Shares found       = 2
Average effort     = 34.298%
Current effort     = 225.808%
Connections        = 7 (7 incoming)
NOTICE  2024-12-12 20:55:01.7446 P2PServer status
Connections    = 32 (16 incoming)
Peer list size = 963
Uptime         = 15h 54m 53s
NOTICE  2024-12-12 20:55:01.7446 Util no background jobs running
NOTICE  2024-12-12 20:55:01.7446 SideChain status
Monero node               = 192.168.0.176:20081:ZMQ:20083
Main chain height         = 3301613
Main chain hashrate       = 3.777 GH/s
Side chain ID             = mini
Side chain height         = 9419412
Side chain hashrate       = 13.777 MH/s
PPLNS window              = 2160 blocks (+55 uncles, 0 orphans)
PPLNS window duration     = 6h 10m 6s
Your wallet address       = 48wY7nYBsQNSw7v4LjoNnvCtk1Y6GLNVmePGrW82gVhYhQtWJFHi6U6G3X5d7JN2ucajU9SeBcijET8ZzKWYwC3z3Y6fDEG
Your shares               = 0 blocks (+0 uncles, 0 orphans)
Block reward share        = 0.000% (0.000000000000 XMR)
NOTICE  2024-12-12 20:55:01.7446 StratumServer status
Hashrate (15m est) = 6.230 KH/s
Hashrate (1h  est) = 6.777 KH/s
Hashrate (24h est) = 6.914 KH/s
Total hashes       = 396122828
Shares found       = 2
Average effort     = 34.298%
Current effort     = 225.808%
Connections        = 7 (7 incoming)
NOTICE  2024-12-12 20:55:01.7446 P2PServer status
Connections    = 32 (16 incoming)
Peer list size = 963
Uptime         = 15h 54m 53s
NOTICE  2024-12-12 20:55:01.7446 Util no background jobs running
NOTICE  2024-12-12 20:55:01.7446 SideChain status
Monero node               = 192.168.0.176:20081:ZMQ:20083
Main chain height         = 3301613
Main chain hashrate       = 3.333 GH/s
Side chain ID             = mini
Side chain height         = 9419412
Side chain hashrate       = 13.333 MH/s
PPLNS window              = 2160 blocks (+55 uncles, 0 orphans)
PPLNS window duration     = 6h 10m 6s
Your wallet address       = 48wY7nYBsQNSw7v4LjoNnvCtk1Y6GLNVmePGrW82gVhYhQtWJFHi6U6G3X5d7JN2ucajU9SeBcijET8ZzKWYwC3z3Y6fDEG
Your shares               = 0 blocks (+0 uncles, 0 orphans)
Block reward share        = 0.000% (0.000000000000 XMR)
NOTICE  2024-12-12 20:55:01.7446 StratumServer status
Hashrate (15m est) = 6.230 KH/s
Hashrate (1h  est) = 6.333 KH/s
Hashrate (24h est) = 6.914 KH/s
Total hashes       = 396122828
Shares found       = 2
Average effort     = 34.298%
Current effort     = 225.808%
Connections        = 7 (7 incoming)
NOTICE  2024-12-12 20:55:01.7446 P2PServer status
Connections    = 32 (16 incoming)
Peer list size = 963
Uptime         = 15h 54m 53s
NOTICE  2024-12-12 20:55:01.7446 Util no background jobs running
2024-11-09 19:35:01.4220 StratumServer IP:port                    TLS    uptime              difficulty          hashrate       name
2024-11-09 19:35:01.4220 StratumServer 192.168.0.27:57888         no     14h 29m 51s         20358               666 H/s        paris
2024-11-09 19:35:01.4221 StratumServer 192.168.0.176:57000        no     14h 29m 52s         48999               1.666 KH/s     kermit
2024-11-09 19:35:01.4221 StratumServer 192.168.0.169:43842        no     14h 29m 53s         40188               1.666 KH/s     maia
2024-11-09 19:35:01.4221 StratumServer 192.168.0.244:48924        no     14h 29m 53s         8102                666 H/s        bingo
2024-11-09 19:35:01.4221 StratumServer 192.168.0.220:34704        no     14h 29m 53s         37254               1.666 KH/s     phoebe
2024-11-09 19:35:01.4221 StratumServer 192.168.0.86:37294         no     14h 29m 54s         50452               1.666 KH/s     sally
2024-11-09 19:35:01.4221 StratumServer 192.168.0.192:47850        no     14h 29m 54s         14120               666 H/s        brat
2024-11-09 19:35:01.4221 StratumServer Total: 7 workers
Your shares position      = [.........................1....]
Your shares position      = [.........................1....]
Your shares position      = [.........................1....]
Your shares position      = [..777.........................]
NOTICE  2024-12-12 20:55:01.7446 SideChain status
Monero node               = 192.168.0.176:20081:ZMQ:20083
Main chain height         = 3301613
Main chain hashrate       = 3.333 GH/s
Side chain ID             = mini
Side chain height         = 9419412
Side chain hashrate       = 13.333 MH/s
PPLNS window              = 2160 blocks (+55 uncles, 0 orphans)
PPLNS window duration     = 6h 10m 6s
Your wallet address       = 48wY7nYBsQNSw7v4LjoNnvCtk1Y6GLNVmePGrW82gVhYhQtWJFHi6U6G3X5d7JN2ucajU9SeBcijET8ZzKWYwC3z3Y6fDEG
Your shares               = 0 blocks (+0 uncles, 0 orphans)
Block reward share        = 0.000% (0.000000000000 XMR)
NOTICE  2024-12-12 20:55:01.7446 StratumServer status
Hashrate (15m est) = 6.230 KH/s
Hashrate (1h  est) = 6.333 KH/s
Hashrate (24h est) = 6.914 KH/s
Total hashes       = 396122828
Shares found       = 2
Average effort     = 34.298%
Current effort     = 225.808%
Connections        = 7 (7 incoming)
NOTICE  2024-12-12 20:55:01.7446 P2PServer status
Connections    = 32 (16 incoming)
Peer list size = 963
Uptime         = 15h 54m 53s
NOTICE  2024-12-12 20:55:01.7446 Util no background jobs running
NOTICE  2024-12-12 20:55:01.7446 SideChain status
Monero node               = 192.168.0.176:20081:ZMQ:20083
Main chain height         = 3301613
Main chain hashrate       = 3.333 GH/s
Side chain ID             = mini
Side chain height         = 9419412
Side chain hashrate       = 13.333 MH/s
PPLNS window              = 2160 blocks (+55 uncles, 0 orphans)
PPLNS window duration     = 6h 10m 6s
Your wallet address       = 48wY7nYBsQNSw7v4LjoNnvCtk1Y6GLNVmePGrW82gVhYhQtWJFHi6U6G3X5d7JN2ucajU9SeBcijET8ZzKWYwC3z3Y6fDEG
Your shares               = 0 blocks (+0 uncles, 0 orphans)
Block reward share        = 0.000% (0.000000000000 XMR)
NOTICE  2024-12-12 20:55:01.7446 StratumServer status
Hashrate (15m est) = 6.230 KH/s
Hashrate (1h  est) = 6.333 KH/s
Hashrate (24h est) = 6.914 KH/s
Total hashes       = 396122828
Shares found       = 2
Average effort     = 34.298%
Current effort     = 225.808%
Connections        = 7 (7 incoming)
NOTICE  2024-12-12 20:55:01.7446 P2PServer status
Connections    = 32 (16 incoming)
Peer list size = 963
Uptime         = 15h 54m 53s
NOTICE  2024-12-12 20:55:01.7446 Util no background jobs running
NOTICE  2024-12-12 20:55:01.7446 SideChain status
Monero node               = 192.168.0.176:20081:ZMQ:20083
Main chain height         = 3301613
Main chain hashrate       = 3.123 GH/s
Side chain ID             = mini
Side chain height         = 9419412
Side chain hashrate       = 13.123 MH/s
PPLNS window              = 2160 blocks (+55 uncles, 0 orphans)
PPLNS window duration     = 6h 10m 6s
Your wallet address       = 48wY7nYBsQNSw7v4LjoNnvCtk1Y6GLNVmePGrW82gVhYhQtWJFHi6U6G3X5d7JN2ucajU9SeBcijET8ZzKWYwC3z3Y6fDEG
Your shares               = 0 blocks (+0 uncles, 0 orphans)
Block reward share        = 0.000% (0.000000000000 XMR)
NOTICE  2024-12-12 20:55:01.7446 StratumServer status
Hashrate (15m est) = 6.230 KH/s
Hashrate (1h  est) = 6.123 KH/s
Hashrate (24h est) = 6.914 KH/s
Total hashes       = 396122828
Shares found       = 2
Average effort     = 34.298%
Current effort     = 225.808%
Connections        = 7 (7 incoming)
NOTICE  2024-12-12 20:55:01.7446 P2PServer status
Connections    = 32 (16 incoming)
Peer list size = 963
Uptime         = 15h 54m 53s
NOTICE  2024-12-12 20:55:01.7446 Util no background jobs running
NOTICE  2024-12-12 20:55:01.7446 SideChain status
Monero node               = 192.168.0.176:20081:ZMQ:20083
Main chain height         = 3301613
Main chain hashrate       = 3.333 GH/s
Side chain ID             = mini
Side chain height         = 9419412
Side chain hashrate       = 13.333 MH/s
PPLNS window              = 2160 blocks (+55 uncles, 0 orphans)
PPLNS window duration     = 6h 10m 6s
Your wallet address       = 48wY7nYBsQNSw7v4LjoNnvCtk1Y6GLNVmePGrW82gVhYhQtWJFHi6U6G3X5d7JN2ucajU9SeBcijET8ZzKWYwC3z3Y6fDEG
Your shares               = 0 blocks (+0 uncles, 0 orphans)
Block reward share        = 0.000% (0.000000000000 XMR)
NOTICE  2024-12-12 20:55:01.7446 StratumServer status
Hashrate (15m est) = 6.230 KH/s
Hashrate (1h  est) = 6.333 KH/s
Hashrate (24h est) = 6.914 KH/s
Total hashes       = 396122828
Shares found       = 2
Average effort     = 34.298%
Current effort     = 225.808%
Connections        = 7 (7 incoming)
NOTICE  2024-12-12 20:55:01.7446 P2PServer status
Connections    = 32 (16 incoming)
Peer list size = 963
Uptime         = 15h 54m 53s
NOTICE  2024-12-12 20:55:01.7446 Util no background jobs running
2024-11-09 19:35:01.4220 StratumServer IP:port                    TLS    uptime              difficulty          hashrate       name
2024-11-09 19:35:01.4220 StratumServer 192.168.0.27:57888         no     14h 29m 51s         20358               777 H/s        paris
2024-11-09 19:35:01.4221 StratumServer 192.168.0.176:57000        no     14h 29m 52s         48999               1.777 KH/s     kermit
2024-11-09 19:35:01.4221 StratumServer 192.168.0.169:43842        no     14h 29m 53s         40188               1.777 KH/s     maia
2024-11-09 19:35:01.4221 StratumServer 192.168.0.244:48924        no     14h 29m 53s         8102                777 H/s        bingo
2024-11-09 19:35:01.4221 StratumServer 192.168.0.220:34704        no     14h 29m 53s         37254               1.777 KH/s     phoebe
2024-11-09 19:35:01.4221 StratumServer 192.168.0.86:37294         no     14h 29m 54s         50452               1.777 KH/s     sally
2024-11-09 19:35:01.4221 StratumServer 192.168.0.192:47850        no     14h 29m 54s         14120               777 H/s        brat
2024-11-09 19:35:01.4221 StratumServer Total: 7 workers
NOTICE  2024-12-12 20:55:01.7446 SideChain status
Monero node               = 192.168.0.176:20081:ZMQ:20083
Main chain height         = 3301613
Main chain hashrate       = 3.888 GH/s
Side chain ID             = mini
Side chain height         = 9419412
Side chain hashrate       = 13.888 MH/s
PPLNS window              = 2160 blocks (+55 uncles, 0 orphans)
PPLNS window duration     = 6h 10m 6s
Your wallet address       = 48wY7nYBsQNSw7v4LjoNnvCtk1Y6GLNVmePGrW82gVhYhQtWJFHi6U6G3X5d7JN2ucajU9SeBcijET8ZzKWYwC3z3Y6fDEG
Your shares               = 0 blocks (+0 uncles, 0 orphans)
Block reward share        = 0.000% (0.000000000000 XMR)
NOTICE  2024-12-12 20:55:01.7446 StratumServer status
Hashrate (15m est) = 6.230 KH/s
Hashrate (1h  est) = 6.888 KH/s
Hashrate (24h est) = 6.914 KH/s
Total hashes       = 396122828
Shares found       = 2
Average effort     = 34.298%
Current effort     = 225.808%
Connections        = 7 (7 incoming)
NOTICE  2024-12-12 20:55:01.7446 P2PServer status
Connections    = 32 (16 incoming)
Peer list size = 963
Uptime         = 15h 54m 53s
NOTICE  2024-12-12 20:55:01.7446 Util no background jobs running
NOTICE  2024-12-12 20:55:01.7446 SideChain status
Monero node               = 192.168.0.176:20081:ZMQ:20083
Main chain height         = 3301613
Main chain hashrate       = 3.888 GH/s
Side chain ID             = mini
Side chain height         = 9419412
Side chain hashrate       = 13.888 MH/s
PPLNS window              = 2160 blocks (+55 uncles, 0 orphans)
PPLNS window duration     = 6h 10m 6s
Your wallet address       = 48wY7nYBsQNSw7v4LjoNnvCtk1Y6GLNVmePGrW82gVhYhQtWJFHi6U6G3X5d7JN2ucajU9SeBcijET8ZzKWYwC3z3Y6fDEG
Your shares               = 0 blocks (+0 uncles, 0 orphans)
Block reward share        = 0.000% (0.000000000000 XMR)
NOTICE  2024-12-12 20:55:01.7446 StratumServer status
Hashrate (15m est) = 6.230 KH/s
Hashrate (1h  est) = 6.888 KH/s
Hashrate (24h est) = 6.914 KH/s
Total hashes       = 396122828
Shares found       = 2
Average effort     = 34.298%
Current effort     = 225.808%
Connections        = 7 (7 incoming)
NOTICE  2024-12-12 20:55:01.7446 P2PServer status
Connections    = 32 (16 incoming)
Peer list size = 963
Uptime         = 15h 54m 53s
NOTICE  2024-12-12 20:55:01.7446 Util no background jobs running
NOTICE  2024-12-12 20:55:01.7446 SideChain status
Monero node               = 192.168.0.176:20081:ZMQ:20083
Main chain height         = 3301613
Main chain hashrate       = 3.888 GH/s
Side chain ID             = mini
Side chain height         = 9419412
Side chain hashrate       = 13.888 MH/s
PPLNS window              = 2160 blocks (+55 uncles, 0 orphans)
PPLNS window duration     = 6h 10m 6s
Your wallet address       = 48wY7nYBsQNSw7v4LjoNnvCtk1Y6GLNVmePGrW82gVhYhQtWJFHi6U6G3X5d7JN2ucajU9SeBcijET8ZzKWYwC3z3Y6fDEG
Your shares               = 0 blocks (+0 uncles, 0 orphans)
Block reward share        = 0.000% (0.000000000000 XMR)
NOTICE  2024-12-12 20:55:01.7446 StratumServer status
Hashrate (15m est) = 6.230 KH/s
Hashrate (1h  est) = 6.888 KH/s
Hashrate (24h est) = 6.914 KH/s
Total hashes       = 396122828
Shares found       = 2
Average effort     = 34.298%
Current effort     = 225.808%
Connections        = 7 (7 incoming)
NOTICE  2024-12-12 20:55:01.7446 P2PServer status
Connections    = 32 (16 incoming)
Peer list size = 963
Uptime         = 15h 54m 53s
NOTICE  2024-12-12 20:55:01.7446 Util no background jobs running
NOTICE  2024-12-12 20:55:01.7446 SideChain status
Monero node               = 192.168.0.176:20081:ZMQ:20083
Main chain height         = 3301613
Main chain hashrate       = 3.111 GH/s
Side chain ID             = mini
Side chain height         = 9419412
Side chain hashrate       = 13.111 MH/s
PPLNS window              = 2160 blocks (+55 uncles, 0 orphans)
PPLNS window duration     = 6h 10m 6s
Your wallet address       = 48wY7nYBsQNSw7v4LjoNnvCtk1Y6GLNVmePGrW82gVhYhQtWJFHi6U6G3X5d7JN2ucajU9SeBcijET8ZzKWYwC3z3Y6fDEG
Your shares               = 0 blocks (+0 uncles, 0 orphans)
Block reward share        = 0.000% (0.000000000000 XMR)
NOTICE  2024-12-12 20:55:01.7446 StratumServer status
Hashrate (15m est) = 6.230 KH/s
Hashrate (1h  est) = 6.111 KH/s
Hashrate (24h est) = 6.914 KH/s
Total hashes       = 396122828
Shares found       = 2
Average effort     = 34.298%
Current effort     = 225.808%
Connections        = 7 (7 incoming)
NOTICE  2024-12-12 20:55:01.7446 P2PServer status
Connections    = 32 (16 incoming)
Peer list size = 963
Uptime         = 15h 54m 53s
NOTICE  2024-12-12 20:55:01.7446 Util no background jobs running
2024-11-09 19:35:01.4220 StratumServer IP:port                    TLS    uptime              difficulty          hashrate       name
2024-11-09 19:35:01.4220 StratumServer 192.168.0.27:57888         no     14h 29m 51s         20358               111 H/s        paris
2024-11-09 19:35:01.4221 StratumServer 192.168.0.176:57000        no     14h 29m 52s         48999               1.111 KH/s     kermit
2024-11-09 19:35:01.4221 StratumServer 192.168.0.169:43842        no     14h 29m 53s         40188               1.111 KH/s     maia
2024-11-09 19:35:01.4221 StratumServer 192.168.0.244:48924        no     14h 29m 53s         8102                111 H/s        bingo
2024-11-09 19:35:01.4221 StratumServer 192.168.0.220:34704        no     14h 29m 53s         37254               1.111 KH/s     phoebe
2024-11-09 19:35:01.4221 StratumServer 192.168.0.86:37294         no     14h 29m 54s         50452               1.111 KH/s     sally
2024-11-09 19:35:01.4221 StratumServer 192.168.0.192:47850        no     14h 29m 54s         14120               111 H/s        brat
2024-11-09 19:35:01.4221 StratumServer Total: 7 workers
2024-11-09 19:35:01.4220 StratumServer IP:port                    TLS    uptime              difficulty          hashrate       name
2024-11-09 19:35:01.4220 StratumServer 192.168.0.27:57888         no     14h 29m 51s         20358               555 H/s        paris
2024-11-09 19:35:01.4221 StratumServer 192.168.0.176:57000        no     14h 29m 52s         48999               1.555 KH/s     kermit
2024-11-09 19:35:01.4221 StratumServer 192.168.0.169:43842        no     14h 29m 53s         40188               1.555 KH/s     maia
2024-11-09 19:35:01.4221 StratumServer 192.168.0.244:48924        no     14h 29m 53s         8102                555 H/s        bingo
2024-11-09 19:35:01.4221 StratumServer 192.168.0.220:34704        no     14h 29m 53s         37254               1.555 KH/s     phoebe
2024-11-09 19:35:01.4221 StratumServer 192.168.0.86:37294         no     14h 29m 54s         50452               1.555 KH/s     sally
2024-11-09 19:35:01.4221 StratumServer 192.168.0.192:47850        no     14h 29m 54s         14120               555 H/s        brat
2024-11-09 19:35:01.4221 StratumServer Total: 7 workers
NOTICE  2024-12-12 20:55:01.7446 SideChain status
Monero node               = 192.168.0.176:20081:ZMQ:20083
Main chain height         = 3301613
Main chain hashrate       = 3.222 GH/s
Side chain ID             = mini
Side chain height         = 9419412
Side chain hashrate       = 13.222 MH/s
PPLNS window              = 2160 blocks (+55 uncles, 0 orphans)
PPLNS window duration     = 6h 10m 6s
Your wallet address       = 48wY7nYBsQNSw7v4LjoNnvCtk1Y6GLNVmePGrW82gVhYhQtWJFHi6U6G3X5d7JN2ucajU9SeBcijET8ZzKWYwC3z3Y6fDEG
Your shares               = 0 blocks (+0 uncles, 0 orphans)
Block reward share        = 0.000% (0.000000000000 XMR)
NOTICE  2024-12-12 20:55:01.7446 StratumServer status
Hashrate (15m est) = 6.230 KH/s
Hashrate (1h  est) = 6.222 KH/s
Hashrate (24h est) = 6.914 KH/s
Total hashes       = 396122828
Shares found       = 2
Average effort     = 34.298%
Current effort     = 225.808%
Connections        = 7 (7 incoming)
NOTICE  2024-12-12 20:55:01.7446 P2PServer status
Connections    = 32 (16 incoming)
Peer list size = 963
Uptime         = 15h 54m 53s
NOTICE  2024-12-12 20:55:01.7446 Util no background jobs running
NOTICE  2024-12-12 20:55:01.7446 SideChain status
Monero node               = 192.168.0.176:20081:ZMQ:20083
Main chain height         = 3301613
Main chain hashrate       = 3.222 GH/s
Side chain ID             = mini
Side chain height         = 9419412
Side chain hashrate       = 13.222 MH/s
PPLNS window              = 2160 blocks (+55 uncles, 0 orphans)
PPLNS window duration     = 6h 10m 6s
Your wallet address       = 48wY7nYBsQNSw7v4LjoNnvCtk1Y6GLNVmePGrW82gVhYhQtWJFHi6U6G3X5d7JN2ucajU9SeBcijET8ZzKWYwC3z3Y6fDEG
Your shares               = 0 blocks (+0 uncles, 0 orphans)
Block reward share        = 0.000% (0.000000000000 XMR)
NOTICE  2024-12-12 20:55:01.7446 StratumServer status
Hashrate (15m est) = 6.230 KH/s
Hashrate (1h  est) = 6.222 KH/s
Hashrate (24h est) = 6.914 KH/s
Total hashes       = 396122828
Shares found       = 2
Average effort     = 34.298%
Current effort     = 225.808%
Connections        = 7 (7 incoming)
NOTICE  2024-12-12 20:55:01.7446 P2PServer status
Connections    = 32 (16 incoming)
Peer list size = 963
Uptime         = 15h 54m 53s
NOTICE  2024-12-12 20:55:01.7446 Util no background jobs running
2024-11-09 19:35:01.4220 StratumServer IP:port                    TLS    uptime              difficulty          hashrate       name
2024-11-09 19:35:01.4220 StratumServer 192.168.0.27:57888         no     14h 29m 51s         20358               999 H/s        paris
2024-11-09 19:35:01.4221 StratumServer 192.168.0.176:57000        no     14h 29m 52s         48999               1.999 KH/s     kermit
2024-11-09 19:35:01.4221 StratumServer 192.168.0.169:43842        no     14h 29m 53s         40188               1.999 KH/s     maia
2024-11-09 19:35:01.4221 StratumServer 192.168.0.244:48924        no     14h 29m 53s         8102                999 H/s        bingo
2024-11-09 19:35:01.4221 StratumServer 192.168.0.220:34704        no     14h 29m 53s         37254               1.999 KH/s     phoebe
2024-11-09 19:35:01.4221 StratumServer 192.168.0.86:37294         no     14h 29m 54s         50452               1.999 KH/s     sally
2024-11-09 19:35:01.4221 StratumServer 192.168.0.192:47850        no     14h 29m 54s         14120               999 H/s        brat
2024-11-09 19:35:01.4221 StratumServer Total: 7 workers
2024-11-09 19:35:01.4220 StratumServer IP:port                    TLS    uptime              difficulty          hashrate       name
2024-11-09 19:35:01.4220 StratumServer 192.168.0.27:57888         no     14h 29m 51s         20358               999 H/s        paris
2024-11-09 19:35:01.4221 StratumServer 192.168.0.176:57000        no     14h 29m 52s         48999               1.999 KH/s     kermit
2024-11-09 19:35:01.4221 StratumServer 192.168.0.169:43842        no     14h 29m 53s         40188               1.999 KH/s     maia
2024-11-09 19:35:01.4221 StratumServer 192.168.0.244:48924        no     14h 29m 53s         8102                999 H/s        bingo
2024-11-09 19:35:01.4221 StratumServer 192.168.0.220:34704        no     14h 29m 53s         37254               1.999 KH/s     phoebe
2024-11-09 19:35:01.4221 StratumServer 192.168.0.86:37294         no     14h 29m 54s         50452               1.999 KH/s     sally
2024-11-09 19:35:01.4221 StratumServer 192.168.0.192:47850        no     14h 29m 54s         14120               999 H/s        brat
2024-11-09 19:35:01.4221 StratumServer Total: 7 workers
2024-11-09 19:35:01.4220 StratumServer IP:port                    TLS    uptime              difficulty          hashrate       name
2024-11-09 19:35:01.4220 StratumServer 192.168.0.27:57888         no     14h 29m 51s         20358               222 H/s        paris
2024-11-09 19:35:01.4221 StratumServer 192.168.0.176:57000        no     14h 29m 52s         48222               1.222 KH/s     kermit
2024-11-09 19:35:01.4221 StratumServer 192.168.0.169:43842        no     14h 29m 53s         40188               1.222 KH/s     maia
2024-11-09 19:35:01.4221 StratumServer 192.168.0.244:48924        no     14h 29m 53s         8102                222 H/s        bingo
2024-11-09 19:35:01.4221 StratumServer 192.168.0.220:34704        no     14h 29m 53s         37254               1.222 KH/s     phoebe
2024-11-09 19:35:01.4221 StratumServer 192.168.0.86:37294         no     14h 29m 54s         50452               1.222 KH/s     sally
2024-11-09 19:35:01.4221 StratumServer 192.168.0.192:47850        no     14h 29m 54s         14120               222 H/s        brat
2024-11-09 19:35:01.4221 StratumServer Total: 7 workers
NOTICE  2024-12-12 20:55:01.7446 SideChain status
Monero node               = 192.168.0.176:20081:ZMQ:20083
Main chain height         = 3301613
Main chain hashrate       = 3.999 GH/s
Side chain ID             = mini
Side chain height         = 9419412
Side chain hashrate       = 13.999 MH/s
PPLNS window              = 2160 blocks (+55 uncles, 0 orphans)
PPLNS window duration     = 6h 10m 6s
Your wallet address       = 48wY7nYBsQNSw7v4LjoNnvCtk1Y6GLNVmePGrW82gVhYhQtWJFHi6U6G3X5d7JN2ucajU9SeBcijET8ZzKWYwC3z3Y6fDEG
Your shares               = 0 blocks (+0 uncles, 0 orphans)
Block reward share        = 0.000% (0.000000000000 XMR)
NOTICE  2024-12-12 20:55:01.7446 StratumServer status
Hashrate (15m est) = 6.230 KH/s
Hashrate (1h  est) = 6.999 KH/s
Hashrate (24h est) = 6.914 KH/s
Total hashes       = 396122828
Shares found       = 2
Average effort     = 34.298%
Current effort     = 225.808%
Connections        = 7 (7 incoming)
NOTICE  2024-12-12 20:55:01.7446 P2PServer status
Connections    = 32 (16 incoming)
Peer list size = 963
Uptime         = 15h 54m 53s
NOTICE  2024-12-12 20:55:01.7446 Util no background jobs running
